[INFO ] 2025-03-30 22:09:20.528 [main] PetStoreAPI - Create User Data executed
[INFO ] 2025-03-30 22:09:22.238 [main] PetStoreAPI - Get User Data executed
[INFO ] 2025-03-30 22:09:24.995 [main] PetStoreAPI - Update User Data executed
[INFO ] 2025-03-30 22:09:26.529 [main] PetStoreAPI - Delete User Data executed[INFO ] 2025-03-31 11:50:40.362 [main] PetStoreAPI - Create User Data executed
[INFO ] 2025-03-31 11:50:48.562 [main] PetStoreAPI - Update User Data executed
[INFO ] 2025-03-31 11:50:50.103 [main] PetStoreAPI - Delete User Data executed
[INFO ] 2025-03-31 11:52:16.958 [main] PetStoreAPI - Create User Data executed
[INFO ] 2025-03-31 11:52:18.579 [main] PetStoreAPI - Get User Data executed
[INFO ] 2025-03-31 11:52:21.650 [main] PetStoreAPI - Update User Data executed
[INFO ] 2025-03-31 11:52:23.160 [main] PetStoreAPI - Delete User Data executed
[INFO ] 2025-03-31 11:54:10.917 [main] PetStoreAPI - Create User Data executed
[INFO ] 2025-03-31 11:54:12.552 [main] PetStoreAPI - Get User Data executed
[INFO ] 2025-03-31 11:54:15.618 [main] PetStoreAPI - Update User Data executed
[INFO ] 2025-03-31 11:55:21.455 [main] PetStoreAPI - Create User Data executed
[INFO ] 2025-03-31 11:55:26.277 [main] PetStoreAPI - Get User Data executed
[INFO ] 2025-03-31 11:55:29.241 [main] PetStoreAPI - Update User Data executed
[INFO ] 2025-03-31 11:55:30.676 [main] PetStoreAPI - Delete User Data executed
[INFO ] 2025-03-31 13:40:49.150 [main] PetStoreAPI - Create User Data executed
[INFO ] 2025-03-31 13:40:50.543 [main] PetStoreAPI - Get User Data executed
[INFO ] 2025-03-31 13:40:53.319 [main] PetStoreAPI - Update User Data executed
[INFO ] 2025-03-31 13:40:54.738 [main] PetStoreAPI - Delete User Data executed
[INFO ] 2025-03-31 13:59:16.177 [main] PetStoreAPI - Create User Data executed
[INFO ] 2025-03-31 14:02:54.878 [main] PetStoreAPI - Create User Data executed
[INFO ] 2025-03-31 14:03:17.322 [main] PetStoreAPI - Update User Data executed
[INFO ] 2025-03-31 16:02:03.072 [main] PetStoreAPI - Create User Data executed
[INFO ] 2025-03-31 16:02:04.815 [main] PetStoreAPI - Get User Data executed
[INFO ] 2025-03-31 16:02:07.774 [main] PetStoreAPI - Update User Data executed
[INFO ] 2025-03-31 16:02:09.310 [main] PetStoreAPI - Delete User Data executed
[INFO ] 2025-03-31 16:14:27.390 [main] PetStoreAPI - Create User Data executed
[INFO ] 2025-03-31 16:14:29.065 [main] PetStoreAPI - Get User Data executed
[INFO ] 2025-03-31 16:14:32.258 [main] PetStoreAPI - Update User Data executed
[INFO ] 2025-03-31 16:14:33.871 [main] PetStoreAPI - Delete User Data executed
